[0m19:06:24.871694 [debug] [MainThread]: Sending event: {'category': 'dbt', 'action': 'invocation', 'label': 'start', 'context': [<snowplow_tracker.self_describing_json.SelfDescribingJson object at 0x7f456fd53bf0>, <snowplow_tracker.self_describing_json.SelfDescribingJson object at 0x7f456ff6c8f0>, <snowplow_tracker.self_describing_json.SelfDescribingJson object at 0x7f45716f12e0>]}


============================== 19:06:24.879065 | 91d91741-ceed-4b3f-beaa-93c77e945c30 ==============================
[0m19:06:24.879065 [info ] [MainThread]: Running with dbt=1.8.3
[0m19:06:24.880432 [debug] [MainThread]: running dbt with arguments {'printer_width': '80', 'indirect_selection': 'eager', 'log_cache_events': 'False', 'write_json': 'True', 'partial_parse': 'True', 'cache_selected_only': 'False', 'profiles_dir': '/home/oem/dev/Python/projeto-dbt-core-meu-curso', 'version_check': 'True', 'fail_fast': 'False', 'log_path': 'logs', 'warn_error': 'None', 'debug': 'False', 'use_colors': 'True', 'use_experimental_parser': 'False', 'no_print': 'None', 'quiet': 'False', 'empty': 'None', 'log_format': 'default', 'invocation_command': 'dbt init', 'static_parser': 'True', 'introspect': 'True', 'target_path': 'None', 'warn_error_options': 'WarnErrorOptions(include=[], exclude=[])', 'send_anonymous_usage_stats': 'True'}
[0m19:06:28.827202 [debug] [MainThread]: Starter project path: /home/oem/.pyenv/versions/3.12.1/lib/python3.12/site-packages/dbt/include/starter_project
[0m19:06:28.835269 [info ] [MainThread]: 
Your new dbt project "avatar" was created!

For more information on how to configure the profiles.yml file,
please consult the dbt documentation here:

  https://docs.getdbt.com/docs/configure-your-profile

One more thing:

Need help? Don't hesitate to reach out to us via GitHub issues or on Slack:

  https://community.getdbt.com/

Happy modeling!

[0m19:06:28.836371 [info ] [MainThread]: Setting up your profile.
[0m19:07:38.099616 [info ] [MainThread]: Profile avatar written to /home/oem/dev/Python/projeto-dbt-core-meu-curso/profiles.yml using target's profile_template.yml and your supplied values. Run 'dbt debug' to validate the connection.
[0m19:07:38.166805 [debug] [MainThread]: Resource report: {"command_name": "init", "command_success": true, "command_wall_clock_time": 73.427086, "process_user_time": 3.581938, "process_kernel_time": 0.349937, "process_mem_max_rss": "107104", "process_in_blocks": "48832", "process_out_blocks": "88"}
[0m19:07:38.168338 [debug] [MainThread]: Command `dbt init` succeeded at 19:07:38.168112 after 73.43 seconds
[0m19:07:38.169482 [debug] [MainThread]: Sending event: {'category': 'dbt', 'action': 'invocation', 'label': 'end', 'context': [<snowplow_tracker.self_describing_json.SelfDescribingJson object at 0x7f4570e53530>, <snowplow_tracker.self_describing_json.SelfDescribingJson object at 0x7f456fc26570>, <snowplow_tracker.self_describing_json.SelfDescribingJson object at 0x7f456fae1f10>]}
[0m19:07:38.170679 [debug] [MainThread]: Flushing usage events
[0m19:08:43.583006 [debug] [MainThread]: Sending event: {'category': 'dbt', 'action': 'invocation', 'label': 'start', 'context': [<snowplow_tracker.self_describing_json.SelfDescribingJson object at 0x7fcc2f0dce60>, <snowplow_tracker.self_describing_json.SelfDescribingJson object at 0x7fcc2e858b00>, <snowplow_tracker.self_describing_json.SelfDescribingJson object at 0x7fcc2f0dfec0>]}


============================== 19:08:43.599877 | e3d6f15e-ca3b-448a-a8b0-2fc7e62ce4fe ==============================
[0m19:08:43.599877 [info ] [MainThread]: Running with dbt=1.8.3
[0m19:08:43.601790 [debug] [MainThread]: running dbt with arguments {'printer_width': '80', 'indirect_selection': 'eager', 'write_json': 'True', 'log_cache_events': 'False', 'partial_parse': 'True', 'cache_selected_only': 'False', 'warn_error': 'None', 'version_check': 'True', 'profiles_dir': '/home/oem/dev/Python/projeto-dbt-core-meu-curso', 'log_path': 'logs', 'fail_fast': 'False', 'debug': 'False', 'use_colors': 'True', 'use_experimental_parser': 'False', 'no_print': 'None', 'quiet': 'False', 'empty': 'None', 'log_format': 'default', 'introspect': 'True', 'static_parser': 'True', 'invocation_command': 'dbt debug', 'target_path': 'None', 'warn_error_options': 'WarnErrorOptions(include=[], exclude=[])', 'send_anonymous_usage_stats': 'True'}
[0m19:08:43.619105 [info ] [MainThread]: dbt version: 1.8.3
[0m19:08:43.620762 [info ] [MainThread]: python version: 3.12.1
[0m19:08:43.622142 [info ] [MainThread]: python path: /home/oem/.pyenv/versions/3.12.1/bin/python3.12
[0m19:08:43.623498 [info ] [MainThread]: os info: Linux-5.4.0-187-generic-x86_64-with-glibc2.31
[0m19:08:43.741924 [info ] [MainThread]: Using profiles dir at /home/oem/dev/Python/projeto-dbt-core-meu-curso
[0m19:08:43.742921 [info ] [MainThread]: Using profiles.yml file at /home/oem/dev/Python/projeto-dbt-core-meu-curso/profiles.yml
[0m19:08:43.743725 [info ] [MainThread]: Using dbt_project.yml file at /home/oem/dev/Python/projeto-dbt-core-meu-curso/dbt_project.yml
[0m19:08:43.744783 [info ] [MainThread]: adapter type: postgres
[0m19:08:43.745662 [info ] [MainThread]: adapter version: 1.8.2
[0m19:08:43.746518 [info ] [MainThread]: Configuration:
[0m19:08:43.747312 [info ] [MainThread]:   profiles.yml file [[32mOK found and valid[0m]
[0m19:08:43.748109 [info ] [MainThread]:   dbt_project.yml file [[31mERROR not found[0m]
[0m19:08:43.749109 [info ] [MainThread]: Required dependencies:
[0m19:08:43.750183 [debug] [MainThread]: Executing "git --help"
[0m19:08:43.754983 [debug] [MainThread]: STDOUT: "b"usage: git [--version] [--help] [-C <path>] [-c <name>=<value>]\n           [--exec-path[=<path>]] [--html-path] [--man-path] [--info-path]\n           [-p | --paginate | -P | --no-pager] [--no-replace-objects] [--bare]\n           [--git-dir=<path>] [--work-tree=<path>] [--namespace=<name>]\n           <command> [<args>]\n\nThese are common Git commands used in various situations:\n\nstart a working area (see also: git help tutorial)\n   clone             Clone a repository into a new directory\n   init              Create an empty Git repository or reinitialize an existing one\n\nwork on the current change (see also: git help everyday)\n   add               Add file contents to the index\n   mv                Move or rename a file, a directory, or a symlink\n   restore           Restore working tree files\n   rm                Remove files from the working tree and from the index\n   sparse-checkout   Initialize and modify the sparse-checkout\n\nexamine the history and state (see also: git help revisions)\n   bisect            Use binary search to find the commit that introduced a bug\n   diff              Show changes between commits, commit and working tree, etc\n   grep              Print lines matching a pattern\n   log               Show commit logs\n   show              Show various types of objects\n   status            Show the working tree status\n\ngrow, mark and tweak your common history\n   branch            List, create, or delete branches\n   commit            Record changes to the repository\n   merge             Join two or more development histories together\n   rebase            Reapply commits on top of another base tip\n   reset             Reset current HEAD to the specified state\n   switch            Switch branches\n   tag               Create, list, delete or verify a tag object signed with GPG\n\ncollaborate (see also: git help workflows)\n   fetch             Download objects and refs from another repository\n   pull              Fetch from and integrate with another repository or a local branch\n   push              Update remote refs along with associated objects\n\n'git help -a' and 'git help -g' list available subcommands and some\nconcept guides. See 'git help <command>' or 'git help <concept>'\nto read about a specific subcommand or concept.\nSee 'git help git' for an overview of the system.\n""
[0m19:08:43.756537 [debug] [MainThread]: STDERR: "b''"
[0m19:08:43.757655 [info ] [MainThread]:  - git [[32mOK found[0m]

[0m19:08:43.758760 [info ] [MainThread]: Connection:
[0m19:08:43.760052 [info ] [MainThread]:   host: dpg-cq821k88fa8c738br5q0-a.oregon-postgres.render.com
[0m19:08:43.761158 [info ] [MainThread]:   port: 5432
[0m19:08:43.762268 [info ] [MainThread]:   user: gusta
[0m19:08:43.763206 [info ] [MainThread]:   database: postdb_ht16
[0m19:08:43.764218 [info ] [MainThread]:   schema: public
[0m19:08:43.765209 [info ] [MainThread]:   connect_timeout: 10
[0m19:08:43.766188 [info ] [MainThread]:   role: None
[0m19:08:43.766987 [info ] [MainThread]:   search_path: None
[0m19:08:43.767779 [info ] [MainThread]:   keepalives_idle: 0
[0m19:08:43.768572 [info ] [MainThread]:   sslmode: None
[0m19:08:43.769376 [info ] [MainThread]:   sslcert: None
[0m19:08:43.770202 [info ] [MainThread]:   sslkey: None
[0m19:08:43.771037 [info ] [MainThread]:   sslrootcert: None
[0m19:08:43.772165 [info ] [MainThread]:   application_name: dbt
[0m19:08:43.773352 [info ] [MainThread]:   retries: 1
[0m19:08:43.774938 [info ] [MainThread]: Registered adapter: postgres=1.8.2
[0m19:08:43.797551 [debug] [MainThread]: Acquiring new postgres connection 'debug'
[0m19:08:43.952789 [debug] [MainThread]: Using postgres connection "debug"
[0m19:08:43.953803 [debug] [MainThread]: On debug: select 1 as id
[0m19:08:43.954652 [debug] [MainThread]: Opening a new connection, currently in state init
[0m19:08:46.521519 [debug] [MainThread]: SQL status: SELECT 1 in 2.567 seconds
[0m19:08:46.525772 [debug] [MainThread]: On debug: Close
[0m19:08:46.527457 [info ] [MainThread]:   Connection test: [[32mOK connection ok[0m]

[0m19:08:46.528935 [info ] [MainThread]: [31m1 check failed:[0m
[0m19:08:46.530398 [info ] [MainThread]: Project loading failed for the following reason:
 project path </home/oem/dev/Python/projeto-dbt-core-meu-curso/dbt_project.yml> not found

[0m19:08:46.533323 [debug] [MainThread]: Resource report: {"command_name": "debug", "command_wall_clock_time": 3.0555823, "process_user_time": 3.626981, "process_kernel_time": 0.199503, "process_mem_max_rss": "114664", "process_in_blocks": "4328", "process_out_blocks": "32", "command_success": false}
[0m19:08:46.535067 [debug] [MainThread]: Command `dbt debug` failed at 19:08:46.534873 after 3.06 seconds
[0m19:08:46.535976 [debug] [MainThread]: Connection 'debug' was properly closed.
[0m19:08:46.536812 [debug] [MainThread]: Sending event: {'category': 'dbt', 'action': 'invocation', 'label': 'end', 'context': [<snowplow_tracker.self_describing_json.SelfDescribingJson object at 0x7fcc2f7b7620>, <snowplow_tracker.self_describing_json.SelfDescribingJson object at 0x7fcc2e57e180>, <snowplow_tracker.self_describing_json.SelfDescribingJson object at 0x7fcc2e5a35c0>]}
[0m19:08:46.537728 [debug] [MainThread]: Flushing usage events
[0m19:09:45.931214 [debug] [MainThread]: Sending event: {'category': 'dbt', 'action': 'invocation', 'label': 'start', 'context': [<snowplow_tracker.self_describing_json.SelfDescribingJson object at 0x7ff1366a1f40>, <snowplow_tracker.self_describing_json.SelfDescribingJson object at 0x7ff136edeb70>, <snowplow_tracker.self_describing_json.SelfDescribingJson object at 0x7ff136761460>]}


============================== 19:09:45.945413 | b0771e6e-d156-4944-83c9-3c854bf573d4 ==============================
[0m19:09:45.945413 [info ] [MainThread]: Running with dbt=1.8.3
[0m19:09:45.946723 [debug] [MainThread]: running dbt with arguments {'printer_width': '80', 'indirect_selection': 'eager', 'write_json': 'True', 'log_cache_events': 'False', 'partial_parse': 'True', 'cache_selected_only': 'False', 'warn_error': 'None', 'version_check': 'True', 'fail_fast': 'False', 'log_path': 'logs', 'debug': 'False', 'profiles_dir': '/home/oem/dev/Python/projeto-dbt-core-meu-curso', 'use_colors': 'True', 'use_experimental_parser': 'False', 'empty': 'None', 'quiet': 'False', 'no_print': 'None', 'log_format': 'default', 'invocation_command': 'dbt debug', 'static_parser': 'True', 'introspect': 'True', 'target_path': 'None', 'warn_error_options': 'WarnErrorOptions(include=[], exclude=[])', 'send_anonymous_usage_stats': 'True'}
[0m19:09:45.963767 [info ] [MainThread]: dbt version: 1.8.3
[0m19:09:45.965081 [info ] [MainThread]: python version: 3.12.1
[0m19:09:45.966016 [info ] [MainThread]: python path: /home/oem/.pyenv/versions/3.12.1/bin/python3.12
[0m19:09:45.967093 [info ] [MainThread]: os info: Linux-5.4.0-187-generic-x86_64-with-glibc2.31
[0m19:09:46.102095 [info ] [MainThread]: Using profiles dir at /home/oem/dev/Python/projeto-dbt-core-meu-curso
[0m19:09:46.103481 [info ] [MainThread]: Using profiles.yml file at /home/oem/dev/Python/projeto-dbt-core-meu-curso/profiles.yml
[0m19:09:46.104465 [info ] [MainThread]: Using dbt_project.yml file at /home/oem/dev/Python/projeto-dbt-core-meu-curso/dbt_project.yml
[0m19:09:46.105738 [info ] [MainThread]: adapter type: postgres
[0m19:09:46.106674 [info ] [MainThread]: adapter version: 1.8.2
[0m19:09:46.107667 [info ] [MainThread]: Configuration:
[0m19:09:46.108561 [info ] [MainThread]:   profiles.yml file [[32mOK found and valid[0m]
[0m19:09:46.109516 [info ] [MainThread]:   dbt_project.yml file [[31mERROR not found[0m]
[0m19:09:46.110550 [info ] [MainThread]: Required dependencies:
[0m19:09:46.111521 [debug] [MainThread]: Executing "git --help"
[0m19:09:46.114962 [debug] [MainThread]: STDOUT: "b"usage: git [--version] [--help] [-C <path>] [-c <name>=<value>]\n           [--exec-path[=<path>]] [--html-path] [--man-path] [--info-path]\n           [-p | --paginate | -P | --no-pager] [--no-replace-objects] [--bare]\n           [--git-dir=<path>] [--work-tree=<path>] [--namespace=<name>]\n           <command> [<args>]\n\nThese are common Git commands used in various situations:\n\nstart a working area (see also: git help tutorial)\n   clone             Clone a repository into a new directory\n   init              Create an empty Git repository or reinitialize an existing one\n\nwork on the current change (see also: git help everyday)\n   add               Add file contents to the index\n   mv                Move or rename a file, a directory, or a symlink\n   restore           Restore working tree files\n   rm                Remove files from the working tree and from the index\n   sparse-checkout   Initialize and modify the sparse-checkout\n\nexamine the history and state (see also: git help revisions)\n   bisect            Use binary search to find the commit that introduced a bug\n   diff              Show changes between commits, commit and working tree, etc\n   grep              Print lines matching a pattern\n   log               Show commit logs\n   show              Show various types of objects\n   status            Show the working tree status\n\ngrow, mark and tweak your common history\n   branch            List, create, or delete branches\n   commit            Record changes to the repository\n   merge             Join two or more development histories together\n   rebase            Reapply commits on top of another base tip\n   reset             Reset current HEAD to the specified state\n   switch            Switch branches\n   tag               Create, list, delete or verify a tag object signed with GPG\n\ncollaborate (see also: git help workflows)\n   fetch             Download objects and refs from another repository\n   pull              Fetch from and integrate with another repository or a local branch\n   push              Update remote refs along with associated objects\n\n'git help -a' and 'git help -g' list available subcommands and some\nconcept guides. See 'git help <command>' or 'git help <concept>'\nto read about a specific subcommand or concept.\nSee 'git help git' for an overview of the system.\n""
[0m19:09:46.116274 [debug] [MainThread]: STDERR: "b''"
[0m19:09:46.117206 [info ] [MainThread]:  - git [[32mOK found[0m]

[0m19:09:46.118402 [info ] [MainThread]: Connection:
[0m19:09:46.119763 [info ] [MainThread]:   host: dpg-cq821k88fa8c738br5q0-a.oregon-postgres.render.com
[0m19:09:46.121214 [info ] [MainThread]:   port: 5432
[0m19:09:46.122721 [info ] [MainThread]:   user: gusta
[0m19:09:46.123988 [info ] [MainThread]:   database: postdb_ht16
[0m19:09:46.125593 [info ] [MainThread]:   schema: public
[0m19:09:46.126881 [info ] [MainThread]:   connect_timeout: 10
[0m19:09:46.127834 [info ] [MainThread]:   role: None
[0m19:09:46.128860 [info ] [MainThread]:   search_path: None
[0m19:09:46.130151 [info ] [MainThread]:   keepalives_idle: 0
[0m19:09:46.131180 [info ] [MainThread]:   sslmode: None
[0m19:09:46.132908 [info ] [MainThread]:   sslcert: None
[0m19:09:46.134633 [info ] [MainThread]:   sslkey: None
[0m19:09:46.135849 [info ] [MainThread]:   sslrootcert: None
[0m19:09:46.136933 [info ] [MainThread]:   application_name: dbt
[0m19:09:46.137882 [info ] [MainThread]:   retries: 1
[0m19:09:46.140142 [info ] [MainThread]: Registered adapter: postgres=1.8.2
[0m19:09:46.155204 [debug] [MainThread]: Acquiring new postgres connection 'debug'
[0m19:09:46.240111 [debug] [MainThread]: Using postgres connection "debug"
[0m19:09:46.241354 [debug] [MainThread]: On debug: select 1 as id
[0m19:09:46.242200 [debug] [MainThread]: Opening a new connection, currently in state init
[0m19:09:48.352750 [debug] [MainThread]: SQL status: SELECT 1 in 2.110 seconds
[0m19:09:48.358648 [debug] [MainThread]: On debug: Close
[0m19:09:48.361115 [info ] [MainThread]:   Connection test: [[32mOK connection ok[0m]

[0m19:09:48.362720 [info ] [MainThread]: [31m1 check failed:[0m
[0m19:09:48.363778 [info ] [MainThread]: Project loading failed for the following reason:
 project path </home/oem/dev/Python/projeto-dbt-core-meu-curso/dbt_project.yml> not found

[0m19:09:48.365630 [debug] [MainThread]: Resource report: {"command_name": "debug", "command_wall_clock_time": 2.5844502, "process_user_time": 3.555453, "process_kernel_time": 0.182534, "process_mem_max_rss": "115120", "process_in_blocks": "16", "process_out_blocks": "24", "command_success": false}
[0m19:09:48.367096 [debug] [MainThread]: Command `dbt debug` failed at 19:09:48.366881 after 2.59 seconds
[0m19:09:48.368199 [debug] [MainThread]: Connection 'debug' was properly closed.
[0m19:09:48.369514 [debug] [MainThread]: Sending event: {'category': 'dbt', 'action': 'invocation', 'label': 'end', 'context': [<snowplow_tracker.self_describing_json.SelfDescribingJson object at 0x7ff1366a1f40>, <snowplow_tracker.self_describing_json.SelfDescribingJson object at 0x7ff136443cb0>, <snowplow_tracker.self_describing_json.SelfDescribingJson object at 0x7ff134a423c0>]}
[0m19:09:48.370836 [debug] [MainThread]: Flushing usage events
[0m19:11:23.991650 [debug] [MainThread]: Sending event: {'category': 'dbt', 'action': 'invocation', 'label': 'start', 'context': [<snowplow_tracker.self_describing_json.SelfDescribingJson object at 0x7f7d432de5a0>, <snowplow_tracker.self_describing_json.SelfDescribingJson object at 0x7f7d4387b8c0>, <snowplow_tracker.self_describing_json.SelfDescribingJson object at 0x7f7d432de6c0>]}


============================== 19:11:24.000635 | fe5bf972-1f87-4e86-9db8-cd565f875f87 ==============================
[0m19:11:24.000635 [info ] [MainThread]: Running with dbt=1.8.3
[0m19:11:24.004088 [debug] [MainThread]: running dbt with arguments {'printer_width': '80', 'indirect_selection': 'eager', 'write_json': 'True', 'log_cache_events': 'False', 'partial_parse': 'True', 'cache_selected_only': 'False', 'profiles_dir': '/home/oem/dev/Python/projeto-dbt-core-meu-curso', 'debug': 'False', 'warn_error': 'None', 'log_path': 'logs', 'version_check': 'True', 'fail_fast': 'False', 'use_colors': 'True', 'use_experimental_parser': 'False', 'no_print': 'None', 'quiet': 'False', 'empty': 'None', 'log_format': 'default', 'invocation_command': 'dbt debug', 'introspect': 'True', 'warn_error_options': 'WarnErrorOptions(include=[], exclude=[])', 'target_path': 'None', 'static_parser': 'True', 'send_anonymous_usage_stats': 'True'}
[0m19:11:24.039168 [info ] [MainThread]: dbt version: 1.8.3
[0m19:11:24.040839 [info ] [MainThread]: python version: 3.12.1
[0m19:11:24.042124 [info ] [MainThread]: python path: /home/oem/.pyenv/versions/3.12.1/bin/python3.12
[0m19:11:24.043563 [info ] [MainThread]: os info: Linux-5.4.0-187-generic-x86_64-with-glibc2.31
[0m19:11:24.046172 [error] [MainThread]: Encountered an error:
Runtime Error
  Syntax error near line 18
  ------------------------------
  15 |   outputs:
  16 |     dev:
  17 | host: "{{ env_var('DB_HOST_PROD') }}"
  18 |       user: "{{ env_var('DB_USER_PROD') }}"
  19 |       password: "{{ env_var('DB_PASS_PROD') }}"
  20 |       port: "{{ env_var('DB_PORT_PROD') | int }}"
  21 |       dbname: "{{ env_var('DB_NAME_PROD') }}"
  
  Raw Error:
  ------------------------------
  while parsing a block mapping
    in "<unicode string>", line 14, column 1
  did not find expected key
    in "<unicode string>", line 18, column 7
[0m19:11:24.056291 [debug] [MainThread]: Resource report: {"command_name": "debug", "command_wall_clock_time": 0.09668204, "process_user_time": 3.176726, "process_kernel_time": 0.135519, "process_mem_max_rss": "101816", "process_out_blocks": "16", "command_success": false, "process_in_blocks": "0"}
[0m19:11:24.058330 [debug] [MainThread]: Command `dbt debug` failed at 19:11:24.058035 after 0.10 seconds
[0m19:11:24.059309 [debug] [MainThread]: Sending event: {'category': 'dbt', 'action': 'invocation', 'label': 'end', 'context': [<snowplow_tracker.self_describing_json.SelfDescribingJson object at 0x7f7d4387b8c0>, <snowplow_tracker.self_describing_json.SelfDescribingJson object at 0x7f7d43304f80>, <snowplow_tracker.self_describing_json.SelfDescribingJson object at 0x7f7d4404c530>]}
[0m19:11:24.060147 [debug] [MainThread]: Flushing usage events
[0m19:12:42.968886 [debug] [MainThread]: Sending event: {'category': 'dbt', 'action': 'invocation', 'label': 'start', 'context': [<snowplow_tracker.self_describing_json.SelfDescribingJson object at 0x7f1672c76660>, <snowplow_tracker.self_describing_json.SelfDescribingJson object at 0x7f16733738c0>, <snowplow_tracker.self_describing_json.SelfDescribingJson object at 0x7f1672c766f0>]}


============================== 19:12:42.974676 | 81b05ea5-f2f5-4a97-9d9f-b299316279c3 ==============================
[0m19:12:42.974676 [info ] [MainThread]: Running with dbt=1.8.3
[0m19:12:42.975967 [debug] [MainThread]: running dbt with arguments {'printer_width': '80', 'indirect_selection': 'eager', 'write_json': 'True', 'log_cache_events': 'False', 'partial_parse': 'True', 'cache_selected_only': 'False', 'profiles_dir': '/home/oem/dev/Python/projeto-dbt-core-meu-curso', 'version_check': 'True', 'debug': 'False', 'log_path': 'logs', 'fail_fast': 'False', 'warn_error': 'None', 'use_colors': 'True', 'use_experimental_parser': 'False', 'empty': 'None', 'quiet': 'False', 'no_print': 'None', 'log_format': 'default', 'introspect': 'True', 'static_parser': 'True', 'invocation_command': 'dbt debug', 'target_path': 'None', 'warn_error_options': 'WarnErrorOptions(include=[], exclude=[])', 'send_anonymous_usage_stats': 'True'}
[0m19:12:42.992396 [info ] [MainThread]: dbt version: 1.8.3
[0m19:12:42.993307 [info ] [MainThread]: python version: 3.12.1
[0m19:12:42.994101 [info ] [MainThread]: python path: /home/oem/.pyenv/versions/3.12.1/bin/python3.12
[0m19:12:42.994860 [info ] [MainThread]: os info: Linux-5.4.0-187-generic-x86_64-with-glibc2.31
[0m19:12:42.996077 [error] [MainThread]: Encountered an error:
Runtime Error
  Syntax error near line 18
  ------------------------------
  15 |   outputs:
  16 |     dev:
  17 |      host: "{{ env_var('DB_HOST_PROD') }}"
  18 |       user: "{{ env_var('DB_USER_PROD') }}"
  19 |       password: "{{ env_var('DB_PASS_PROD') }}"
  20 |       port: "{{ env_var('DB_PORT_PROD') | int }}"
  21 |       dbname: "{{ env_var('DB_NAME_PROD') }}"
  
  Raw Error:
  ------------------------------
  while parsing a block mapping
    in "<unicode string>", line 17, column 6
  did not find expected key
    in "<unicode string>", line 18, column 7
[0m19:12:42.999658 [debug] [MainThread]: Resource report: {"command_name": "debug", "command_wall_clock_time": 0.035773847, "process_user_time": 3.144745, "process_kernel_time": 0.11588, "process_mem_max_rss": "102296", "process_out_blocks": "8", "command_success": false, "process_in_blocks": "0"}
[0m19:12:43.001360 [debug] [MainThread]: Command `dbt debug` failed at 19:12:43.001080 after 0.04 seconds
[0m19:12:43.002416 [debug] [MainThread]: Sending event: {'category': 'dbt', 'action': 'invocation', 'label': 'end', 'context': [<snowplow_tracker.self_describing_json.SelfDescribingJson object at 0x7f167324bcb0>, <snowplow_tracker.self_describing_json.SelfDescribingJson object at 0x7f1672f07e90>, <snowplow_tracker.self_describing_json.SelfDescribingJson object at 0x7f1672c76660>]}
[0m19:12:43.003340 [debug] [MainThread]: Flushing usage events
[0m19:14:05.993243 [debug] [MainThread]: Sending event: {'category': 'dbt', 'action': 'invocation', 'label': 'start', 'context': [<snowplow_tracker.self_describing_json.SelfDescribingJson object at 0x7fdee2bb9f40>, <snowplow_tracker.self_describing_json.SelfDescribingJson object at 0x7fdee2b4b8c0>, <snowplow_tracker.self_describing_json.SelfDescribingJson object at 0x7fdee2506870>]}


============================== 19:14:05.998860 | 99cfca97-cb01-41bd-886f-05d563a9e57b ==============================
[0m19:14:05.998860 [info ] [MainThread]: Running with dbt=1.8.3
[0m19:14:06.000051 [debug] [MainThread]: running dbt with arguments {'printer_width': '80', 'indirect_selection': 'eager', 'write_json': 'True', 'log_cache_events': 'False', 'partial_parse': 'True', 'cache_selected_only': 'False', 'profiles_dir': '/home/oem/dev/Python/projeto-dbt-core-meu-curso', 'version_check': 'True', 'warn_error': 'None', 'log_path': 'logs', 'fail_fast': 'False', 'debug': 'False', 'use_colors': 'True', 'use_experimental_parser': 'False', 'no_print': 'None', 'quiet': 'False', 'empty': 'None', 'log_format': 'default', 'introspect': 'True', 'static_parser': 'True', 'invocation_command': 'dbt debug', 'target_path': 'None', 'warn_error_options': 'WarnErrorOptions(include=[], exclude=[])', 'send_anonymous_usage_stats': 'True'}
[0m19:14:06.013087 [info ] [MainThread]: dbt version: 1.8.3
[0m19:14:06.013907 [info ] [MainThread]: python version: 3.12.1
[0m19:14:06.014744 [info ] [MainThread]: python path: /home/oem/.pyenv/versions/3.12.1/bin/python3.12
[0m19:14:06.015730 [info ] [MainThread]: os info: Linux-5.4.0-187-generic-x86_64-with-glibc2.31
[0m19:14:06.017292 [error] [MainThread]: Encountered an error:
Runtime Error
  Syntax error near line 15
  ------------------------------
  12 | #   target: 'dev'
  13 | avatar:
  14 |  target: dev
  15 |   outputs:
  16 |     dev:
  17 |       type: postgres
  18 |       host: "{{ env_var('DB_HOST_PROD') }}"
  
  Raw Error:
  ------------------------------
  mapping values are not allowed in this context
    in "<unicode string>", line 15, column 10
[0m19:14:06.021419 [debug] [MainThread]: Resource report: {"command_name": "debug", "command_wall_clock_time": 0.032443106, "process_user_time": 3.146284, "process_kernel_time": 0.15134, "process_mem_max_rss": "102280", "process_out_blocks": "8", "command_success": false, "process_in_blocks": "0"}
[0m19:14:06.022664 [debug] [MainThread]: Command `dbt debug` failed at 19:14:06.022486 after 0.03 seconds
[0m19:14:06.023457 [debug] [MainThread]: Sending event: {'category': 'dbt', 'action': 'invocation', 'label': 'end', 'context': [<snowplow_tracker.self_describing_json.SelfDescribingJson object at 0x7fdee2506870>, <snowplow_tracker.self_describing_json.SelfDescribingJson object at 0x7fdee310fc20>, <snowplow_tracker.self_describing_json.SelfDescribingJson object at 0x7fdee2b8da00>]}
[0m19:14:06.024262 [debug] [MainThread]: Flushing usage events
[0m19:14:25.140075 [debug] [MainThread]: Sending event: {'category': 'dbt', 'action': 'invocation', 'label': 'start', 'context': [<snowplow_tracker.self_describing_json.SelfDescribingJson object at 0x7faa08033980>, <snowplow_tracker.self_describing_json.SelfDescribingJson object at 0x7faa07c538c0>, <snowplow_tracker.self_describing_json.SelfDescribingJson object at 0x7faa079c6930>]}


============================== 19:14:25.146477 | 2d8ffff4-8816-4496-9db8-b9b850258b45 ==============================
[0m19:14:25.146477 [info ] [MainThread]: Running with dbt=1.8.3
[0m19:14:25.147748 [debug] [MainThread]: running dbt with arguments {'printer_width': '80', 'indirect_selection': 'eager', 'log_cache_events': 'False', 'write_json': 'True', 'partial_parse': 'True', 'cache_selected_only': 'False', 'profiles_dir': '/home/oem/dev/Python/projeto-dbt-core-meu-curso', 'version_check': 'True', 'fail_fast': 'False', 'log_path': 'logs', 'warn_error': 'None', 'debug': 'False', 'use_colors': 'True', 'use_experimental_parser': 'False', 'no_print': 'None', 'quiet': 'False', 'empty': 'None', 'warn_error_options': 'WarnErrorOptions(include=[], exclude=[])', 'introspect': 'True', 'invocation_command': 'dbt debug', 'static_parser': 'True', 'target_path': 'None', 'log_format': 'default', 'send_anonymous_usage_stats': 'True'}
[0m19:14:25.168464 [info ] [MainThread]: dbt version: 1.8.3
[0m19:14:25.169935 [info ] [MainThread]: python version: 3.12.1
[0m19:14:25.171023 [info ] [MainThread]: python path: /home/oem/.pyenv/versions/3.12.1/bin/python3.12
[0m19:14:25.172172 [info ] [MainThread]: os info: Linux-5.4.0-187-generic-x86_64-with-glibc2.31
[0m19:14:25.174616 [error] [MainThread]: Encountered an error:
Runtime Error
  Syntax error near line 15
  ------------------------------
  12 | #   target: 'dev'
  13 | avatar:
  14 |  target: "dev"
  15 |   outputs:
  16 |     dev:
  17 |       type: postgres
  18 |       host: "{{ env_var('DB_HOST_PROD') }}"
  
  Raw Error:
  ------------------------------
  while parsing a block mapping
    in "<unicode string>", line 14, column 2
  did not find expected key
    in "<unicode string>", line 15, column 3
[0m19:14:25.182348 [debug] [MainThread]: Resource report: {"command_name": "debug", "command_wall_clock_time": 0.046790462, "process_user_time": 3.127018, "process_kernel_time": 0.207934, "process_mem_max_rss": "102304", "process_in_blocks": "8", "process_out_blocks": "8", "command_success": false}
[0m19:14:25.185090 [debug] [MainThread]: Command `dbt debug` failed at 19:14:25.184670 after 0.05 seconds
[0m19:14:25.186578 [debug] [MainThread]: Sending event: {'category': 'dbt', 'action': 'invocation', 'label': 'end', 'context': [<snowplow_tracker.self_describing_json.SelfDescribingJson object at 0x7faa08033980>, <snowplow_tracker.self_describing_json.SelfDescribingJson object at 0x7faa084f43b0>, <snowplow_tracker.self_describing_json.SelfDescribingJson object at 0x7faa07d73ec0>]}
[0m19:14:25.188108 [debug] [MainThread]: Flushing usage events
[0m19:14:54.586898 [debug] [MainThread]: Sending event: {'category': 'dbt', 'action': 'invocation', 'label': 'start', 'context': [<snowplow_tracker.self_describing_json.SelfDescribingJson object at 0x7f7856c08290>, <snowplow_tracker.self_describing_json.SelfDescribingJson object at 0x7f7855758170>, <snowplow_tracker.self_describing_json.SelfDescribingJson object at 0x7f78557582f0>]}


============================== 19:14:54.594701 | 63ff4910-a323-4c42-9a90-b3a2410bd68a ==============================
[0m19:14:54.594701 [info ] [MainThread]: Running with dbt=1.8.3
[0m19:14:54.596132 [debug] [MainThread]: running dbt with arguments {'printer_width': '80', 'indirect_selection': 'eager', 'write_json': 'True', 'log_cache_events': 'False', 'partial_parse': 'True', 'cache_selected_only': 'False', 'warn_error': 'None', 'version_check': 'True', 'debug': 'False', 'log_path': 'logs', 'fail_fast': 'False', 'profiles_dir': '/home/oem/dev/Python/projeto-dbt-core-meu-curso', 'use_colors': 'True', 'use_experimental_parser': 'False', 'no_print': 'None', 'quiet': 'False', 'empty': 'None', 'warn_error_options': 'WarnErrorOptions(include=[], exclude=[])', 'introspect': 'True', 'static_parser': 'True', 'invocation_command': 'dbt debug', 'target_path': 'None', 'log_format': 'default', 'send_anonymous_usage_stats': 'True'}
[0m19:14:54.610058 [info ] [MainThread]: dbt version: 1.8.3
[0m19:14:54.611300 [info ] [MainThread]: python version: 3.12.1
[0m19:14:54.612353 [info ] [MainThread]: python path: /home/oem/.pyenv/versions/3.12.1/bin/python3.12
[0m19:14:54.613408 [info ] [MainThread]: os info: Linux-5.4.0-187-generic-x86_64-with-glibc2.31
[0m19:14:54.616270 [info ] [MainThread]: target not specified in profile 'avatar', using 'default'
[0m19:14:54.617365 [info ] [MainThread]: Using profiles dir at /home/oem/dev/Python/projeto-dbt-core-meu-curso
[0m19:14:54.618111 [info ] [MainThread]: Using profiles.yml file at /home/oem/dev/Python/projeto-dbt-core-meu-curso/profiles.yml
[0m19:14:54.618835 [info ] [MainThread]: Using dbt_project.yml file at /home/oem/dev/Python/projeto-dbt-core-meu-curso/dbt_project.yml
[0m19:14:54.619589 [info ] [MainThread]: Configuration:
[0m19:14:54.620301 [info ] [MainThread]:   profiles.yml file [[31mERROR invalid[0m]
[0m19:14:54.621091 [info ] [MainThread]:   dbt_project.yml file [[31mERROR not found[0m]
[0m19:14:54.621854 [info ] [MainThread]: Required dependencies:
[0m19:14:54.622797 [debug] [MainThread]: Executing "git --help"
[0m19:14:54.627531 [debug] [MainThread]: STDOUT: "b"usage: git [--version] [--help] [-C <path>] [-c <name>=<value>]\n           [--exec-path[=<path>]] [--html-path] [--man-path] [--info-path]\n           [-p | --paginate | -P | --no-pager] [--no-replace-objects] [--bare]\n           [--git-dir=<path>] [--work-tree=<path>] [--namespace=<name>]\n           <command> [<args>]\n\nThese are common Git commands used in various situations:\n\nstart a working area (see also: git help tutorial)\n   clone             Clone a repository into a new directory\n   init              Create an empty Git repository or reinitialize an existing one\n\nwork on the current change (see also: git help everyday)\n   add               Add file contents to the index\n   mv                Move or rename a file, a directory, or a symlink\n   restore           Restore working tree files\n   rm                Remove files from the working tree and from the index\n   sparse-checkout   Initialize and modify the sparse-checkout\n\nexamine the history and state (see also: git help revisions)\n   bisect            Use binary search to find the commit that introduced a bug\n   diff              Show changes between commits, commit and working tree, etc\n   grep              Print lines matching a pattern\n   log               Show commit logs\n   show              Show various types of objects\n   status            Show the working tree status\n\ngrow, mark and tweak your common history\n   branch            List, create, or delete branches\n   commit            Record changes to the repository\n   merge             Join two or more development histories together\n   rebase            Reapply commits on top of another base tip\n   reset             Reset current HEAD to the specified state\n   switch            Switch branches\n   tag               Create, list, delete or verify a tag object signed with GPG\n\ncollaborate (see also: git help workflows)\n   fetch             Download objects and refs from another repository\n   pull              Fetch from and integrate with another repository or a local branch\n   push              Update remote refs along with associated objects\n\n'git help -a' and 'git help -g' list available subcommands and some\nconcept guides. See 'git help <command>' or 'git help <concept>'\nto read about a specific subcommand or concept.\nSee 'git help git' for an overview of the system.\n""
[0m19:14:54.628614 [debug] [MainThread]: STDERR: "b''"
[0m19:14:54.629316 [info ] [MainThread]:  - git [[32mOK found[0m]

[0m19:14:54.630139 [info ] [MainThread]: Connection test skipped since no profile was found
[0m19:14:54.630978 [info ] [MainThread]: [31m2 checks failed:[0m
[0m19:14:54.631720 [info ] [MainThread]: Could not load dbt_project.yml
Profile loading failed for the following reason:
Runtime Error
  The profile 'avatar' does not have a target named 'default'. The valid target names for this profile are:
   - dev


[0m19:14:54.632760 [info ] [MainThread]: Project loading failed for the following reason:
 project path </home/oem/dev/Python/projeto-dbt-core-meu-curso/dbt_project.yml> not found

[0m19:14:54.634929 [debug] [MainThread]: Resource report: {"command_name": "debug", "command_wall_clock_time": 0.14571759, "process_user_time": 3.25821, "process_kernel_time": 0.134931, "process_mem_max_rss": "103088", "process_out_blocks": "16", "command_success": false, "process_in_blocks": "0"}
[0m19:14:54.636630 [debug] [MainThread]: Command `dbt debug` failed at 19:14:54.636382 after 0.15 seconds
[0m19:14:54.638214 [debug] [MainThread]: Sending event: {'category': 'dbt', 'action': 'invocation', 'label': 'end', 'context': [<snowplow_tracker.self_describing_json.SelfDescribingJson object at 0x7f7856e66150>, <snowplow_tracker.self_describing_json.SelfDescribingJson object at 0x7f786886b680>, <snowplow_tracker.self_describing_json.SelfDescribingJson object at 0x7f7855781670>]}
[0m19:14:54.639357 [debug] [MainThread]: Flushing usage events
[0m19:15:31.104475 [debug] [MainThread]: Sending event: {'category': 'dbt', 'action': 'invocation', 'label': 'start', 'context': [<snowplow_tracker.self_describing_json.SelfDescribingJson object at 0x7f4d6f392900>, <snowplow_tracker.self_describing_json.SelfDescribingJson object at 0x7f4d6f9f6060>, <snowplow_tracker.self_describing_json.SelfDescribingJson object at 0x7f4d6db59af0>]}


============================== 19:15:31.112033 | a848ea6d-13d6-411f-b9f2-294d4f3f5485 ==============================
[0m19:15:31.112033 [info ] [MainThread]: Running with dbt=1.8.3
[0m19:15:31.113355 [debug] [MainThread]: running dbt with arguments {'printer_width': '80', 'indirect_selection': 'eager', 'write_json': 'True', 'log_cache_events': 'False', 'partial_parse': 'True', 'cache_selected_only': 'False', 'warn_error': 'None', 'debug': 'False', 'version_check': 'True', 'log_path': 'logs', 'profiles_dir': '/home/oem/dev/Python/projeto-dbt-core-meu-curso', 'fail_fast': 'False', 'use_colors': 'True', 'use_experimental_parser': 'False', 'empty': 'None', 'quiet': 'False', 'no_print': 'None', 'warn_error_options': 'WarnErrorOptions(include=[], exclude=[])', 'introspect': 'True', 'log_format': 'default', 'invocation_command': 'dbt debug', 'target_path': 'None', 'static_parser': 'True', 'send_anonymous_usage_stats': 'True'}
[0m19:15:31.128252 [info ] [MainThread]: dbt version: 1.8.3
[0m19:15:31.129266 [info ] [MainThread]: python version: 3.12.1
[0m19:15:31.130171 [info ] [MainThread]: python path: /home/oem/.pyenv/versions/3.12.1/bin/python3.12
[0m19:15:31.131128 [info ] [MainThread]: os info: Linux-5.4.0-187-generic-x86_64-with-glibc2.31
[0m19:15:31.276662 [info ] [MainThread]: Using profiles dir at /home/oem/dev/Python/projeto-dbt-core-meu-curso
[0m19:15:31.278937 [info ] [MainThread]: Using profiles.yml file at /home/oem/dev/Python/projeto-dbt-core-meu-curso/profiles.yml
[0m19:15:31.280306 [info ] [MainThread]: Using dbt_project.yml file at /home/oem/dev/Python/projeto-dbt-core-meu-curso/dbt_project.yml
[0m19:15:31.281586 [info ] [MainThread]: adapter type: postgres
[0m19:15:31.282449 [info ] [MainThread]: adapter version: 1.8.2
[0m19:15:31.283349 [info ] [MainThread]: Configuration:
[0m19:15:31.284301 [info ] [MainThread]:   profiles.yml file [[32mOK found and valid[0m]
[0m19:15:31.285118 [info ] [MainThread]:   dbt_project.yml file [[31mERROR not found[0m]
[0m19:15:31.285965 [info ] [MainThread]: Required dependencies:
[0m19:15:31.286859 [debug] [MainThread]: Executing "git --help"
[0m19:15:31.290176 [debug] [MainThread]: STDOUT: "b"usage: git [--version] [--help] [-C <path>] [-c <name>=<value>]\n           [--exec-path[=<path>]] [--html-path] [--man-path] [--info-path]\n           [-p | --paginate | -P | --no-pager] [--no-replace-objects] [--bare]\n           [--git-dir=<path>] [--work-tree=<path>] [--namespace=<name>]\n           <command> [<args>]\n\nThese are common Git commands used in various situations:\n\nstart a working area (see also: git help tutorial)\n   clone             Clone a repository into a new directory\n   init              Create an empty Git repository or reinitialize an existing one\n\nwork on the current change (see also: git help everyday)\n   add               Add file contents to the index\n   mv                Move or rename a file, a directory, or a symlink\n   restore           Restore working tree files\n   rm                Remove files from the working tree and from the index\n   sparse-checkout   Initialize and modify the sparse-checkout\n\nexamine the history and state (see also: git help revisions)\n   bisect            Use binary search to find the commit that introduced a bug\n   diff              Show changes between commits, commit and working tree, etc\n   grep              Print lines matching a pattern\n   log               Show commit logs\n   show              Show various types of objects\n   status            Show the working tree status\n\ngrow, mark and tweak your common history\n   branch            List, create, or delete branches\n   commit            Record changes to the repository\n   merge             Join two or more development histories together\n   rebase            Reapply commits on top of another base tip\n   reset             Reset current HEAD to the specified state\n   switch            Switch branches\n   tag               Create, list, delete or verify a tag object signed with GPG\n\ncollaborate (see also: git help workflows)\n   fetch             Download objects and refs from another repository\n   pull              Fetch from and integrate with another repository or a local branch\n   push              Update remote refs along with associated objects\n\n'git help -a' and 'git help -g' list available subcommands and some\nconcept guides. See 'git help <command>' or 'git help <concept>'\nto read about a specific subcommand or concept.\nSee 'git help git' for an overview of the system.\n""
[0m19:15:31.291571 [debug] [MainThread]: STDERR: "b''"
[0m19:15:31.292530 [info ] [MainThread]:  - git [[32mOK found[0m]

[0m19:15:31.293626 [info ] [MainThread]: Connection:
[0m19:15:31.294834 [info ] [MainThread]:   host: dpg-cq821k88fa8c738br5q0-a.oregon-postgres.render.com
[0m19:15:31.296096 [info ] [MainThread]:   port: 5432
[0m19:15:31.297207 [info ] [MainThread]:   user: gusta
[0m19:15:31.298347 [info ] [MainThread]:   database: postdb_ht16
[0m19:15:31.299652 [info ] [MainThread]:   schema: public
[0m19:15:31.301089 [info ] [MainThread]:   connect_timeout: 10
[0m19:15:31.302257 [info ] [MainThread]:   role: None
[0m19:15:31.303398 [info ] [MainThread]:   search_path: None
[0m19:15:31.304594 [info ] [MainThread]:   keepalives_idle: 0
[0m19:15:31.306200 [info ] [MainThread]:   sslmode: None
[0m19:15:31.307395 [info ] [MainThread]:   sslcert: None
[0m19:15:31.308318 [info ] [MainThread]:   sslkey: None
[0m19:15:31.309230 [info ] [MainThread]:   sslrootcert: None
[0m19:15:31.310081 [info ] [MainThread]:   application_name: dbt
[0m19:15:31.310971 [info ] [MainThread]:   retries: 1
[0m19:15:31.312241 [info ] [MainThread]: Registered adapter: postgres=1.8.2
[0m19:15:31.315448 [debug] [MainThread]: Acquiring new postgres connection 'debug'
[0m19:15:31.382961 [debug] [MainThread]: Using postgres connection "debug"
[0m19:15:31.383947 [debug] [MainThread]: On debug: select 1 as id
[0m19:15:31.384914 [debug] [MainThread]: Opening a new connection, currently in state init
[0m19:15:33.088750 [debug] [MainThread]: SQL status: SELECT 1 in 1.703 seconds
[0m19:15:33.094511 [debug] [MainThread]: On debug: Close
[0m19:15:33.095819 [info ] [MainThread]:   Connection test: [[32mOK connection ok[0m]

[0m19:15:33.097015 [info ] [MainThread]: [31m1 check failed:[0m
[0m19:15:33.098456 [info ] [MainThread]: Project loading failed for the following reason:
 project path </home/oem/dev/Python/projeto-dbt-core-meu-curso/dbt_project.yml> not found

[0m19:15:33.100725 [debug] [MainThread]: Resource report: {"command_name": "debug", "command_wall_clock_time": 2.1074674, "process_user_time": 3.621041, "process_kernel_time": 0.18045, "process_mem_max_rss": "114984", "process_out_blocks": "16", "command_success": false, "process_in_blocks": "0"}
[0m19:15:33.102685 [debug] [MainThread]: Command `dbt debug` failed at 19:15:33.102475 after 2.11 seconds
[0m19:15:33.103585 [debug] [MainThread]: Connection 'debug' was properly closed.
[0m19:15:33.104442 [debug] [MainThread]: Sending event: {'category': 'dbt', 'action': 'invocation', 'label': 'end', 'context': [<snowplow_tracker.self_describing_json.SelfDescribingJson object at 0x7f4d6f392900>, <snowplow_tracker.self_describing_json.SelfDescribingJson object at 0x7f4d6ddba8a0>, <snowplow_tracker.self_describing_json.SelfDescribingJson object at 0x7f4d6ea0b710>]}
[0m19:15:33.105393 [debug] [MainThread]: Flushing usage events
